<?xml version="1.0" encoding="UTF-8"?>
<!-- Generated by org.testng.reporters.JUnitXMLReporter -->
<testsuite hostname="LAPTOP-FUGSLUJ2" ignored="0" name="Default test" tests="3" failures="0" timestamp="2022-07-06T17:01:17 IST" time="58.172" errors="0">
  <testcase name="tc002" time="14.316" classname="com.leaftaps.ui.tests.CreateLead_Positive"/>
  <testcase name="tc002" time="12.028" classname="com.leaftaps.ui.tests.CreateLead_Positive"/>
  <testcase name="tc002" time="11.61" classname="com.leaftaps.ui.tests.CreateLead_Positive"/>
</testsuite> <!-- Default test -->
