<?xml version="1.0" encoding="UTF-8"?>
<!-- Generated by org.testng.reporters.JUnitXMLReporter -->
<testsuite hostname="LAPTOP-FUGSLUJ2" ignored="0" name="Test" tests="3" failures="0" timestamp="2022-08-15T19:44:31 IST" time="53.615" errors="0">
  <testcase name="tc002" time="12.937" classname="com.leaftaps.ui.tests.CreateLead_Positive"/>
  <testcase name="tc002" time="12.016" classname="com.leaftaps.ui.tests.CreateLead_Positive"/>
  <testcase name="tc002" time="11.906" classname="com.leaftaps.ui.tests.CreateLead_Positive"/>
</testsuite> <!-- Test -->
